<?xml version="1.0" encoding="UTF-8"?>
<!-- Generated by org.testng.reporters.JUnitXMLReporter -->
<testsuite hostname="Home-PC" ignored="0" name="Default test" tests="3" failures="0" timestamp="14 Dec 2017 12:09:09 GMT" time="41.412" errors="0">
  <testcase name="loginTitleValidation" time="0.025" classname="com.qa.testcases.LoginPageTest"/>
  <testcase name="loginPageTest" time="13.023" classname="com.qa.testcases.LoginPageTest"/>
  <testcase name="homePagetitleValidation" time="0.325" classname="com.qa.testcases.LoginPageTest"/>
</testsuite> <!-- Default test -->
