<?xml version="1.0" encoding="UTF-8"?>
<testng-results skipped="0" failed="0" ignored="0" total="3" passed="3">
  <reporter-output>
  </reporter-output>
  <suite name="Suite" duration-ms="36254" started-at="2017-12-15T05:23:10Z" finished-at="2017-12-15T05:23:47Z">
    <groups>
    </groups>
    <test name="Test" duration-ms="36254" started-at="2017-12-15T05:23:10Z" finished-at="2017-12-15T05:23:47Z">
      <class name="com.qa.testcases.LoginPageTest">
        <test-method status="PASS" signature="initextent()[pri:0, instance:com.qa.testcases.LoginPageTest@6442b0a6]" name="initextent" is-config="true" duration-ms="565" started-at="2017-12-15T10:53:10Z" finished-at="2017-12-15T10:53:10Z">
          <reporter-output>
          </reporter-output>
        </test-method> <!-- initextent -->
        <test-method status="PASS" signature="init()[pri:0, instance:com.qa.testcases.LoginPageTest@6442b0a6]" name="init" is-config="true" duration-ms="22676" started-at="2017-12-15T10:53:10Z" finished-at="2017-12-15T10:53:33Z">
          <reporter-output>
          </reporter-output>
        </test-method> <!-- init -->
        <test-method status="PASS" signature="initExtent(java.lang.reflect.Method)[pri:0, instance:com.qa.testcases.LoginPageTest@6442b0a6]" name="initExtent" is-config="true" duration-ms="4" started-at="2017-12-15T10:53:33Z" finished-at="2017-12-15T10:53:33Z">
          <params>
            <param index="0">
              <value>
                <![CDATA[public void com.qa.testcases.LoginPageTest.loginTitleValidation()]]>
              </value>
            </param>
          </params>
          <reporter-output>
          </reporter-output>
        </test-method> <!-- initExtent -->
        <test-method status="PASS" signature="loginTitleValidation()[pri:1, instance:com.qa.testcases.LoginPageTest@6442b0a6]" name="loginTitleValidation" duration-ms="14" started-at="2017-12-15T10:53:33Z" finished-at="2017-12-15T10:53:33Z">
          <reporter-output>
          </reporter-output>
        </test-method> <!-- loginTitleValidation -->
        <test-method status="PASS" signature="getResult(org.testng.ITestResult)[pri:0, instance:com.qa.testcases.LoginPageTest@6442b0a6]" name="getResult" is-config="true" duration-ms="11" started-at="2017-12-15T10:53:33Z" finished-at="2017-12-15T10:53:33Z">
          <params>
            <param index="0">
              <value>
                <![CDATA[[TestResult name=loginTitleValidation status=SUCCESS method=LoginPageTest.loginTitleValidation()[pri:1, instance:com.qa.testcases.LoginPageTest@6442b0a6] output={null}]]]>
              </value>
            </param>
          </params>
          <reporter-output>
          </reporter-output>
        </test-method> <!-- getResult -->
        <test-method status="PASS" signature="initExtent(java.lang.reflect.Method)[pri:0, instance:com.qa.testcases.LoginPageTest@6442b0a6]" name="initExtent" is-config="true" duration-ms="0" started-at="2017-12-15T10:53:33Z" finished-at="2017-12-15T10:53:33Z">
          <params>
            <param index="0">
              <value>
                <![CDATA[public void com.qa.testcases.LoginPageTest.loginPageTest()]]>
              </value>
            </param>
          </params>
          <reporter-output>
          </reporter-output>
        </test-method> <!-- initExtent -->
        <test-method status="PASS" signature="loginPageTest()[pri:2, instance:com.qa.testcases.LoginPageTest@6442b0a6]" name="loginPageTest" duration-ms="10259" started-at="2017-12-15T10:53:33Z" finished-at="2017-12-15T10:53:43Z">
          <reporter-output>
          </reporter-output>
        </test-method> <!-- loginPageTest -->
        <test-method status="PASS" signature="getResult(org.testng.ITestResult)[pri:0, instance:com.qa.testcases.LoginPageTest@6442b0a6]" name="getResult" is-config="true" duration-ms="0" started-at="2017-12-15T10:53:43Z" finished-at="2017-12-15T10:53:43Z">
          <params>
            <param index="0">
              <value>
                <![CDATA[[TestResult name=loginPageTest status=SUCCESS method=LoginPageTest.loginPageTest()[pri:2, instance:com.qa.testcases.LoginPageTest@6442b0a6] output={null}]]]>
              </value>
            </param>
          </params>
          <reporter-output>
          </reporter-output>
        </test-method> <!-- getResult -->
        <test-method status="PASS" signature="homePagetitleValidation()[pri:3, instance:com.qa.testcases.LoginPageTest@6442b0a6]" name="homePagetitleValidation" duration-ms="102" started-at="2017-12-15T10:53:43Z" finished-at="2017-12-15T10:53:44Z">
          <reporter-output>
          </reporter-output>
        </test-method> <!-- homePagetitleValidation -->
        <test-method status="PASS" signature="initExtent(java.lang.reflect.Method)[pri:0, instance:com.qa.testcases.LoginPageTest@6442b0a6]" name="initExtent" is-config="true" duration-ms="0" started-at="2017-12-15T10:53:43Z" finished-at="2017-12-15T10:53:43Z">
          <params>
            <param index="0">
              <value>
                <![CDATA[public void com.qa.testcases.LoginPageTest.homePagetitleValidation()]]>
              </value>
            </param>
          </params>
          <reporter-output>
          </reporter-output>
        </test-method> <!-- initExtent -->
        <test-method status="PASS" signature="getResult(org.testng.ITestResult)[pri:0, instance:com.qa.testcases.LoginPageTest@6442b0a6]" name="getResult" is-config="true" duration-ms="1" started-at="2017-12-15T10:53:44Z" finished-at="2017-12-15T10:53:44Z">
          <params>
            <param index="0">
              <value>
                <![CDATA[[TestResult name=homePagetitleValidation status=SUCCESS method=LoginPageTest.homePagetitleValidation()[pri:3, instance:com.qa.testcases.LoginPageTest@6442b0a6] output={null}]]]>
              </value>
            </param>
          </params>
          <reporter-output>
          </reporter-output>
        </test-method> <!-- getResult -->
        <test-method status="PASS" signature="tearDown()[pri:0, instance:com.qa.testcases.LoginPageTest@6442b0a6]" name="tearDown" is-config="true" duration-ms="3163" started-at="2017-12-15T10:53:44Z" finished-at="2017-12-15T10:53:47Z">
          <reporter-output>
          </reporter-output>
        </test-method> <!-- tearDown -->
      </class> <!-- com.qa.testcases.LoginPageTest -->
    </test> <!-- Test -->
  </suite> <!-- Suite -->
</testng-results>
