<?xml version="1.0" encoding="UTF-8"?>
<testsuite xmlns:xsi="http://www.w3.org/2001/XMLSchema-instance" xsi:schemaLocation="https://maven.apache.org/surefire/maven-surefire-plugin/xsd/surefire-test-report.xsd" name="TestSuite" time="37.939" tests="3" errors="0" skipped="0" failures="0">
  <properties>
[...]
</properties>
  <testcase name="loginTitleValidation" classname="com.qa.testcases.LoginPageTest" time="0.014"/>
  <testcase name="loginPageTest" classname="com.qa.testcases.LoginPageTest" time="10.262"/>
  <testcase name="homePagetitleValidation" classname="com.qa.testcases.LoginPageTest" time="0.107"/>
</testsuite>