<?xml version="1.0" encoding="UTF-8"?>
<!-- Generated by org.testng.reporters.JUnitXMLReporter -->
<testsuite hostname="Home-PC" ignored="0" name="Test" tests="3" failures="0" timestamp="15 Dec 2017 05:23:47 GMT" time="36.254" errors="0">
  <testcase name="loginTitleValidation" time="0.014" classname="com.qa.testcases.LoginPageTest"/>
  <testcase name="loginPageTest" time="10.259" classname="com.qa.testcases.LoginPageTest"/>
  <testcase name="homePagetitleValidation" time="0.102" classname="com.qa.testcases.LoginPageTest"/>
</testsuite> <!-- Test -->
